<?xml version="1.0" encoding="UTF-8"?>
<testsuite xmlns:xsi="http://www.w3.org/2001/XMLSchema-instance" xsi:noNamespaceSchemaLocation="https://maven.apache.org/surefire/maven-surefire-plugin/xsd/surefire-test-report-3.0.xsd" version="3.0" name="wedding.com.prasann.PrasannApplicationTests" time="21.375" tests="1" errors="0" skipped="0" failures="0">
  <properties>
[...]
</properties>
  <testcase name="contextLoads" classname="wedding.com.prasann.PrasannApplicationTests" time="1.017">
    <system-out><![CDATA[19:12:22.404 [main] INFO org.springframework.test.context.support.AnnotationConfigContextLoaderUtils -- Could not detect default configuration classes for test class [wedding.com.prasann.PrasannApplicationTests]: PrasannApplicationTests does not declare any static, non-private, non-final, nested classes annotated with @Configuration.
19:12:22.675 [main] INFO org.springframework.boot.test.context.SpringBootTestContextBootstrapper -- Found @SpringBootConfiguration wedding.com.prasann.PrasannApplication for test class wedding.com.prasann.PrasannApplicationTests
19:12:23.280 [main] INFO org.springframework.boot.devtools.restart.RestartApplicationListener -- Restart disabled due to context in which it is running

  .   ____          _            __ _ _
 /\\ / ___'_ __ _ _(_)_ __  __ _ \ \ \ \
( ( )\___ | '_ | '_| | '_ \/ _` | \ \ \ \
 \\/  ___)| |_)| | | | | || (_| |  ) ) ) )
  '  |____| .__|_| |_|_| |_\__, | / / / /
 =========|_|==============|___/=/_/_/_/
 :: Spring Boot ::                (v3.1.5)

2023-12-05T19:12:24.107+05:30  INFO 8220 --- [           main] w.com.prasann.PrasannApplicationTests    : Starting PrasannApplicationTests using Java 17 with PID 8220 (started by DA0327TU in F:\capstone\prasann\prasann)
2023-12-05T19:12:24.115+05:30  INFO 8220 --- [           main] w.com.prasann.PrasannApplicationTests    : No active profile set, falling back to 1 default profile: "default"
2023-12-05T19:12:25.785+05:30  INFO 8220 --- [           main] .s.d.r.c.RepositoryConfigurationDelegate : Bootstrapping Spring Data JPA repositories in DEFAULT mode.
2023-12-05T19:12:25.886+05:30  INFO 8220 --- [           main] .s.d.r.c.RepositoryConfigurationDelegate : Finished Spring Data repository scanning in 82 ms. Found 3 JPA repository interfaces.
2023-12-05T19:12:27.935+05:30  INFO 8220 --- [           main] o.hibernate.jpa.internal.util.LogHelper  : HHH000204: Processing PersistenceUnitInfo [name: default]
2023-12-05T19:12:28.133+05:30  INFO 8220 --- [           main] org.hibernate.Version                    : HHH000412: Hibernate ORM core version 6.2.13.Final
2023-12-05T19:12:28.151+05:30  INFO 8220 --- [           main] org.hibernate.cfg.Environment            : HHH000406: Using bytecode reflection optimizer
2023-12-05T19:12:29.381+05:30  INFO 8220 --- [           main] o.s.o.j.p.SpringPersistenceUnitInfo      : No LoadTimeWeaver setup: ignoring JPA class transformer
2023-12-05T19:12:29.557+05:30  INFO 8220 --- [           main] com.zaxxer.hikari.HikariDataSource       : HikariPool-1 - Starting...
2023-12-05T19:12:31.616+05:30  INFO 8220 --- [           main] com.zaxxer.hikari.pool.HikariPool        : HikariPool-1 - Added connection com.mysql.cj.jdbc.ConnectionImpl@10131289
2023-12-05T19:12:31.620+05:30  INFO 8220 --- [           main] com.zaxxer.hikari.HikariDataSource       : HikariPool-1 - Start completed.
2023-12-05T19:12:31.899+05:30  WARN 8220 --- [           main] org.hibernate.dialect.Dialect            : HHH000511: The 5.5.0 version for [org.hibernate.dialect.MySQLDialect] is no longer supported, hence certain features may not work properly. The minimum supported version is 5.7.0. Check the community dialects project for available legacy versions.
2023-12-05T19:12:36.165+05:30  INFO 8220 --- [           main] o.h.e.t.j.p.i.JtaPlatformInitiator       : HHH000489: No JTA platform available (set 'hibernate.transaction.jta.platform' to enable JTA platform integration)
2023-12-05T19:12:37.268+05:30  INFO 8220 --- [           main] j.LocalContainerEntityManagerFactoryBean : Initialized JPA EntityManagerFactory for persistence unit 'default'
2023-12-05T19:12:38.516+05:30  INFO 8220 --- [           main] o.s.d.j.r.query.QueryEnhancerFactory     : Hibernate is in classpath; If applicable, HQL parser will be used.
2023-12-05T19:12:40.774+05:30  WARN 8220 --- [           main] JpaBaseConfiguration$JpaWebConfiguration : spring.jpa.open-in-view is enabled by default. Therefore, database queries may be performed during view rendering. Explicitly configure spring.jpa.open-in-view to disable this warning
2023-12-05T19:12:42.331+05:30  INFO 8220 --- [           main] w.com.prasann.PrasannApplicationTests    : Started PrasannApplicationTests in 19.088 seconds (process running for 21.582)
]]></system-out>
  </testcase>
</testsuite>